# JRE version: OpenJDK Runtime Environment (23.0.1+13) (build 23.0.1+13)
# Java VM: OpenJDK 64-Bit Server VM (23.0.1+13, mixed mode, sharing, tiered, compressed oops, compressed class ptrs, g1 gc, windows-amd64)
GC Precious Log:
 CardTable entry size: 512
 Card Set container configuration: InlinePtr #cards 5 size 8 Array Of Cards #cards 10 size 36 Howl #buckets 4 coarsen threshold 1843 Howl Bitmap #cards 512 size 80 coarsen threshold 460 Card regions per heap region 1 cards per card region 2048
 CPUs: 8 total, 8 available
 Memory: 8025M
 Large Page Support: Disabled
 NUMA Support: Disabled
 Compressed Oops: Enabled (32-bit)
 Heap Region Size: 1M
 Heap Min Capacity: 8M
 Heap Initial Capacity: 126M
 Heap Max Capacity: 2008M
 Pre-touch: Disabled
 Parallel Workers: 8
 Concurrent Workers: 2
 Concurrent Refinement Workers: 8
 Periodic GC: Disabled
Heap:
 garbage-first heap   total reserved 2056192K, committed 56320K, used 40615K [0x0000000082800000, 0x0000000100000000)
  region size 1024K, 17 young (17408K), 1 survivors (1024K)
 Metaspace       used 31636K, committed 32192K, reserved 1114112K
  class space    used 4306K, committed 4544K, reserved 1048576K
GC Heap History (20 events):
Event: 3.653 GC heap before
{Heap before GC invocations=2 (full 0):
 garbage-first heap   total reserved 2056192K, committed 129024K, used 18617K [0x0000000082800000, 0x0000000100000000)
  region size 1024K, 8 young (8192K), 3 survivors (3072K)
 Metaspace       used 21179K, committed 21504K, reserved 1114112K
  class space    used 3106K, committed 3264K, reserved 1048576K
}
Event: 3.656 GC heap after
{Heap after GC invocations=3 (full 0):
 garbage-first heap   total reserved 2056192K, committed 129024K, used 15471K [0x0000000082800000, 0x0000000100000000)
  region size 1024K, 4 young (4096K), 4 survivors (4096K)
 Metaspace       used 21179K, committed 21504K, reserved 1114112K
  class space    used 3106K, committed 3264K, reserved 1048576K
}
Event: 24.303 GC heap before
{Heap before GC invocations=4 (full 0):
 garbage-first heap   total reserved 2056192K, committed 55296K, used 45167K [0x0000000082800000, 0x0000000100000000)
  region size 1024K, 32 young (32768K), 4 survivors (4096K)
 Metaspace       used 28589K, committed 28992K, reserved 1114112K
  class space    used 3935K, committed 4096K, reserved 1048576K
}
Event: 24.310 GC heap after
{Heap after GC invocations=5 (full 0):
 garbage-first heap   total reserved 2056192K, committed 56320K, used 22227K [0x0000000082800000, 0x0000000100000000)
  region size 1024K, 4 young (4096K), 4 survivors (4096K)
 Metaspace       used 28589K, committed 28992K, reserved 1114112K
  class space    used 3935K, committed 4096K, reserved 1048576K
}
Event: 28.145 GC heap before
{Heap before GC invocations=5 (full 0):
 garbage-first heap   total reserved 2056192K, committed 56320K, used 41683K [0x0000000082800000, 0x0000000100000000)
  region size 1024K, 23 young (23552K), 4 survivors (4096K)
 Metaspace       used 29782K, committed 30144K, reserved 1114112K
  class space    used 4142K, committed 4288K, reserved 1048576K
}
Event: 28.150 GC heap after
{Heap after GC invocations=6 (full 0):
 garbage-first heap   total reserved 2056192K, committed 56320K, used 24266K [0x0000000082800000, 0x0000000100000000)
  region size 1024K, 2 young (2048K), 2 survivors (2048K)
 Metaspace       used 29782K, committed 30144K, reserved 1114112K
  class space    used 4142K, committed 4288K, reserved 1048576K
}
Event: 42.465 GC heap before
{Heap before GC invocations=6 (full 0):
 garbage-first heap   total reserved 2056192K, committed 56320K, used 43722K [0x0000000082800000, 0x0000000100000000)
  region size 1024K, 21 young (21504K), 2 survivors (2048K)
 Metaspace       used 31417K, committed 31744K, reserved 1114112K
  class space    used 4331K, committed 4480K, reserved 1048576K
}
Event: 42.470 GC heap after
{Heap after GC invocations=7 (full 0):
 garbage-first heap   total reserved 2056192K, committed 56320K, used 27833K [0x0000000082800000, 0x0000000100000000)
  region size 1024K, 3 young (3072K), 3 survivors (3072K)
 Metaspace       used 31417K, committed 31744K, reserved 1114112K
  class space    used 4331K, committed 4480K, reserved 1048576K
}
Event: 66.947 GC heap before
{Heap before GC invocations=7 (full 0):
 garbage-first heap   total reserved 2056192K, committed 56320K, used 45241K [0x0000000082800000, 0x0000000100000000)
  region size 1024K, 20 young (20480K), 3 survivors (3072K)
 Metaspace       used 31784K, committed 32192K, reserved 1114112K
  class space    used 4352K, committed 4544K, reserved 1048576K
}
Event: 66.960 GC heap after
{Heap after GC invocations=8 (full 0):
 garbage-first heap   total reserved 2056192K, committed 56320K, used 29830K [0x0000000082800000, 0x0000000100000000)
  region size 1024K, 2 young (2048K), 2 survivors (2048K)
 Metaspace       used 31784K, committed 32192K, reserved 1114112K
  class space    used 4352K, committed 4544K, reserved 1048576K
}
Event: 4520.089 GC heap before
{Heap before GC invocations=9 (full 0):
 garbage-first heap   total reserved 2056192K, committed 56320K, used 42118K [0x0000000082800000, 0x0000000100000000)
  region size 1024K, 18 young (18432K), 2 survivors (2048K)
 Metaspace       used 31788K, committed 32192K, reserved 1114112K
  class space    used 4352K, committed 4544K, reserved 1048576K
}
Event: 4520.095 GC heap after
{Heap after GC invocations=10 (full 0):
 garbage-first heap   total reserved 2056192K, committed 56320K, used 26095K [0x0000000082800000, 0x0000000100000000)
  region size 1024K, 1 young (1024K), 1 survivors (1024K)
 Metaspace       used 31788K, committed 32192K, reserved 1114112K
  class space    used 4352K, committed 4544K, reserved 1048576K
}
Event: 4587.944 GC heap before
{Heap before GC invocations=10 (full 0):
 garbage-first heap   total reserved 2056192K, committed 56320K, used 46575K [0x0000000082800000, 0x0000000100000000)
  region size 1024K, 21 young (21504K), 1 survivors (1024K)
 Metaspace       used 31788K, committed 32192K, reserved 1114112K
  class space    used 4352K, committed 4544K, reserved 1048576K
}
Event: 4587.949 GC heap after
{Heap after GC invocations=11 (full 0):
 garbage-first heap   total reserved 2056192K, committed 56320K, used 25967K [0x0000000082800000, 0x0000000100000000)
  region size 1024K, 1 young (1024K), 1 survivors (1024K)
 Metaspace       used 31788K, committed 32192K, reserved 1114112K
  class space    used 4352K, committed 4544K, reserved 1048576K
}
Event: 4659.449 GC heap before
{Heap before GC invocations=11 (full 0):
 garbage-first heap   total reserved 2056192K, committed 56320K, used 47471K [0x0000000082800000, 0x0000000100000000)
  region size 1024K, 22 young (22528K), 1 survivors (1024K)
 Metaspace       used 31794K, committed 32192K, reserved 1114112K
  class space    used 4352K, committed 4544K, reserved 1048576K
}
Event: 4659.467 GC heap after
{Heap after GC invocations=12 (full 0):
 garbage-first heap   total reserved 2056192K, committed 56320K, used 25915K [0x0000000082800000, 0x0000000100000000)
  region size 1024K, 1 young (1024K), 1 survivors (1024K)
 Metaspace       used 31794K, committed 32192K, reserved 1114112K
  class space    used 4352K, committed 4544K, reserved 1048576K
}
Event: 4736.443 GC heap before
{Heap before GC invocations=13 (full 0):
 garbage-first heap   total reserved 2056192K, committed 56320K, used 48443K [0x0000000082800000, 0x0000000100000000)
  region size 1024K, 23 young (23552K), 1 survivors (1024K)
 Metaspace       used 31634K, committed 32192K, reserved 1114112K
  class space    used 4306K, committed 4544K, reserved 1048576K
}
Event: 4736.448 GC heap after
{Heap after GC invocations=14 (full 0):
 garbage-first heap   total reserved 2056192K, committed 56320K, used 25910K [0x0000000082800000, 0x0000000100000000)
  region size 1024K, 1 young (1024K), 1 survivors (1024K)
 Metaspace       used 31634K, committed 32192K, reserved 1114112K
  class space    used 4306K, committed 4544K, reserved 1048576K
}
Event: 4816.089 GC heap before
{Heap before GC invocations=14 (full 0):
 garbage-first heap   total reserved 2056192K, committed 56320K, used 49462K [0x0000000082800000, 0x0000000100000000)
  region size 1024K, 24 young (24576K), 1 survivors (1024K)
 Metaspace       used 31634K, committed 32192K, reserved 1114112K
  class space    used 4306K, committed 4544K, reserved 1048576K
}
Event: 4816.096 GC heap after
{Heap after GC invocations=15 (full 0):
 garbage-first heap   total reserved 2056192K, committed 56320K, used 25255K [0x0000000082800000, 0x0000000100000000)
  region size 1024K, 1 young (1024K), 1 survivors (1024K)
 Metaspace       used 31634K, committed 32192K, reserved 1114112K
  class space    used 4306K, committed 4544K, reserved 1048576K
}

